#
# There is insufficient memory for the Java Runtime Environment to continue.
# Native memory allocation (malloc) failed to allocate 32744 bytes for ChunkPool::allocate
# Possible reasons:
#   The system is out of physical RAM or swap space
#   In 32 bit mode, the process size limit was hit
# Possible solutions:
#   Reduce memory load on the system
#   Increase physical memory or swap space
#   Check if swap backing store is full
#   Use 64 bit Java on a 64 bit OS
#   Decrease Java heap size (-Xmx/-Xms)
#   Decrease number of Java threads
#   Decrease Java thread stack sizes (-Xss)
#   Set larger code cache with -XX:ReservedCodeCacheSize=
# This output file may be truncated or incomplete.
#
#  Out of Memory Error (allocation.cpp:273), pid=15056, tid=0x0000000000003d20
#
# JRE version: Java(TM) SE Runtime Environment (8.0_121-b13) (build 1.8.0_121-b13)
# Java VM: Java HotSpot(TM) 64-Bit Server VM (25.121-b13 mixed mode windows-amd64 compressed oops)
# Failed to write core dump. Minidumps are not enabled by default on client versions of Windows
#

---------------  T H R E A D  ---------------

Current thread (0x00000000173f6000):  JavaThread "C2 CompilerThread0" daemon [_thread_in_native, id=15648, stack(0x00000000190c0000,0x00000000191c0000)]

Stack: [0x00000000190c0000,0x00000000191c0000]
[error occurred during error reporting (printing stack bounds), id 0xc0000005]

Native frames: (J=compiled Java code, j=interpreted, Vv=VM code, C=native code)


Current CompileTask:
C2: 120218 5461       4       org.springframework.core.annotation.AnnotationUtils::postProcessAnnotationAttributes (461 bytes)


---------------  P R O C E S S  ---------------

Java Threads: ( => current thread )
  0x000000001f045800 JavaThread "container-0" [_thread_blocked, id=15228, stack(0x0000000022860000,0x0000000022960000)]
  0x000000001740c000 JavaThread "ContainerBackgroundProcessor[StandardEngine[Tomcat]]" daemon [_thread_blocked, id=17100, stack(0x0000000021190000,0x0000000021290000)]
  0x0000000017407800 JavaThread "localhost-startStop-1" daemon [_thread_blocked, id=17388, stack(0x000000001e580000,0x000000001e680000)]
  0x000000001740a800 JavaThread "Tomcat-startStop-1" daemon [_thread_blocked, id=14408, stack(0x000000001b9b0000,0x000000001bab0000)]
  0x0000000017406000 JavaThread "logback-4" daemon [_thread_blocked, id=17384, stack(0x000000001b2b0000,0x000000001b3b0000)]
  0x0000000017407000 JavaThread "restartedMain" [_thread_in_native, id=18428, stack(0x000000001e1d0000,0x000000001e2d0000)]
  0x000000001740a000 JavaThread "Abandoned connection cleanup thread" daemon [_thread_blocked, id=18416, stack(0x0000000022a60000,0x0000000022b60000)]
  0x000000001f051000 JavaThread "Thread-6" [_thread_blocked, id=18400, stack(0x000000001b5b0000,0x000000001b6b0000)]
  0x000000001f04e000 JavaThread "DestroyJavaVM" [_thread_blocked, id=16644, stack(0x0000000002640000,0x0000000002740000)]
  0x000000001f042000 JavaThread "Live Reload Server" daemon [_thread_in_native, id=15364, stack(0x0000000022960000,0x0000000022a60000)]
  0x0000000019ae6800 JavaThread "RMI TCP Accept-0" daemon [_thread_in_native, id=16804, stack(0x0000000019ee0000,0x0000000019fe0000)]
  0x0000000019a1a800 JavaThread "RMI TCP Accept-40536" daemon [_thread_in_native, id=17124, stack(0x0000000019de0000,0x0000000019ee0000)]
  0x0000000019a18800 JavaThread "RMI TCP Accept-0" daemon [_thread_in_native, id=11608, stack(0x0000000019ce0000,0x0000000019de0000)]
  0x0000000017419000 JavaThread "Service Thread" daemon [_thread_blocked, id=16488, stack(0x00000000193c0000,0x00000000194c0000)]
  0x0000000017405800 JavaThread "C1 CompilerThread2" daemon [_thread_blocked, id=16612, stack(0x00000000192c0000,0x00000000193c0000)]
  0x00000000173fb800 JavaThread "C2 CompilerThread1" daemon [_thread_in_native, id=17156, stack(0x00000000191c0000,0x00000000192c0000)]
=>0x00000000173f6000 JavaThread "C2 CompilerThread0" daemon [_thread_in_native, id=15648, stack(0x00000000190c0000,0x00000000191c0000)]
  0x0000000018b02800 JavaThread "Attach Listener" daemon [_thread_blocked, id=15924, stack(0x0000000018fc0000,0x00000000190c0000)]
  0x00000000173e4000 JavaThread "Signal Dispatcher" daemon [_thread_blocked, id=14412, stack(0x0000000018ec0000,0x0000000018fc0000)]
  0x000000000283e800 JavaThread "Finalizer" daemon [_thread_blocked, id=14604, stack(0x0000000018630000,0x0000000018730000)]
  0x0000000002835000 JavaThread "Reference Handler" daemon [_thread_blocked, id=11756, stack(0x0000000018530000,0x0000000018630000)]

Other Threads:
  0x0000000017397000 VMThread [stack: 0x0000000018430000,0x0000000018530000] [id=16972]
  0x0000000019ae7800 WatcherThread [stack: 0x0000000019fe0000,0x000000001a0e0000] [id=15088]

VM state:not at safepoint (normal execution)

VM Mutex/Monitor currently owned by a thread: None

Heap:
 PSYoungGen      total 373760K, used 338928K [0x00000000d5e00000, 0x00000000f5500000, 0x0000000100000000)
  eden space 350208K, 90% used [0x00000000d5e00000,0x00000000e9223ed0,0x00000000eb400000)
  from space 23552K, 99% used [0x00000000eb400000,0x00000000ecad8150,0x00000000ecb00000)
  to   space 27136K, 0% used [0x00000000f3a80000,0x00000000f3a80000,0x00000000f5500000)
 ParOldGen       total 95232K, used 25397K [0x0000000081a00000, 0x0000000087700000, 0x00000000d5e00000)
  object space 95232K, 26% used [0x0000000081a00000,0x00000000832cd428,0x0000000087700000)
 Metaspace       used 45267K, capacity 45924K, committed 46464K, reserved 1089536K
  class space    used 5522K, capacity 5676K, committed 5760K, reserved 1048576K

Card table byte_map: [0x0000000011c20000,0x0000000012020000] byte_map_base: 0x0000000011813000

Marking Bits: (ParMarkBitMap*) 0x0000000077f7b6d0
 Begin Bits: [0x00000000126d0000, 0x0000000014668000)
 End Bits:   [0x0000000014668000, 0x0000000016600000)

Polling page: 0x00000000009f0000

CodeCache: size=245760Kb used=18677Kb max_used=18677Kb free=227083Kb
 bounds [0x0000000002860000, 0x0000000003ac0000, 0x0000000011860000]
 total_blobs=5174 nmethods=4712 adapters=373
 compilation: enabled

Compilation events (10 events):
Event: 120.110 Thread 0x0000000017405800 5566       2       org.springframework.boot.bind.PropertySourcesPropertyValues::processPropertySource (49 bytes)
Event: 120.111 Thread 0x0000000017405800 nmethod 5566 0x0000000003ab1c90 code [0x0000000003ab1e20, 0x0000000003ab20c8]
Event: 120.112 Thread 0x0000000017405800 5567       2       org.hibernate.validator.internal.util.CollectionHelper::newHashSet (9 bytes)
Event: 120.112 Thread 0x0000000017405800 nmethod 5567 0x0000000003ab2210 code [0x0000000003ab2380, 0x0000000003ab2528]
Event: 120.123 Thread 0x0000000017405800 5568   !   2       org.springframework.beans.factory.support.DefaultSingletonBeanRegistry::addSingletonFactory (73 bytes)
Event: 120.124 Thread 0x0000000017405800 nmethod 5568 0x0000000003ab25d0 code [0x0000000003ab2780, 0x0000000003ab2c08]
Event: 120.136 Thread 0x0000000017405800 5569       1       org.apache.catalina.core.StandardContext::getTldValidation (5 bytes)
Event: 120.136 Thread 0x0000000017405800 nmethod 5569 0x0000000003ab2e90 code [0x0000000003ab2fe0, 0x0000000003ab30f0]
Event: 120.136 Thread 0x0000000017405800 5570       1       org.apache.catalina.core.StandardContext::getXmlBlockExternal (5 bytes)
Event: 120.136 Thread 0x0000000017405800 nmethod 5570 0x0000000003ab3150 code [0x0000000003ab32a0, 0x0000000003ab33b0]

GC Heap History (10 events):
Event: 7.070 GC heap before
{Heap before GC invocations=14 (full 2):
 PSYoungGen      total 209408K, used 201953K [0x00000000d5e00000, 0x00000000e8900000, 0x0000000100000000)
  eden space 188416K, 100% used [0x00000000d5e00000,0x00000000e1600000,0x00000000e1600000)
  from space 20992K, 64% used [0x00000000e1600000,0x00000000e2338718,0x00000000e2a80000)
  to   space 21504K, 0% used [0x00000000e7400000,0x00000000e7400000,0x00000000e8900000)
 ParOldGen       total 95232K, used 25294K [0x0000000081a00000, 0x0000000087700000, 0x00000000d5e00000)
  object space 95232K, 26% used [0x0000000081a00000,0x00000000832b38a8,0x0000000087700000)
 Metaspace       used 39894K, capacity 40352K, committed 40832K, reserved 1085440K
  class space    used 4865K, capacity 4971K, committed 4992K, reserved 1048576K
Event: 7.089 GC heap after
Heap after GC invocations=14 (full 2):
 PSYoungGen      total 279552K, used 12208K [0x00000000d5e00000, 0x00000000e8600000, 0x0000000100000000)
  eden space 261120K, 0% used [0x00000000d5e00000,0x00000000d5e00000,0x00000000e5d00000)
  from space 18432K, 66% used [0x00000000e7400000,0x00000000e7fec088,0x00000000e8600000)
  to   space 20992K, 0% used [0x00000000e5d00000,0x00000000e5d00000,0x00000000e7180000)
 ParOldGen       total 95232K, used 28626K [0x0000000081a00000, 0x0000000087700000, 0x00000000d5e00000)
  object space 95232K, 30% used [0x0000000081a00000,0x00000000835f48d8,0x0000000087700000)
 Metaspace       used 39894K, capacity 40352K, committed 40832K, reserved 1085440K
  class space    used 4865K, capacity 4971K, committed 4992K, reserved 1048576K
}
Event: 30.915 GC heap before
{Heap before GC invocations=15 (full 2):
 PSYoungGen      total 279552K, used 273328K [0x00000000d5e00000, 0x00000000e8600000, 0x0000000100000000)
  eden space 261120K, 100% used [0x00000000d5e00000,0x00000000e5d00000,0x00000000e5d00000)
  from space 18432K, 66% used [0x00000000e7400000,0x00000000e7fec088,0x00000000e8600000)
  to   space 20992K, 0% used [0x00000000e5d00000,0x00000000e5d00000,0x00000000e7180000)
 ParOldGen       total 95232K, used 28626K [0x0000000081a00000, 0x0000000087700000, 0x00000000d5e00000)
  object space 95232K, 30% used [0x0000000081a00000,0x00000000835f48d8,0x0000000087700000)
 Metaspace       used 43825K, capacity 44314K, committed 44800K, reserved 1089536K
  class space    used 5390K, capacity 5520K, committed 5632K, reserved 1048576K
Event: 30.944 GC heap after
Heap after GC invocations=15 (full 2):
 PSYoungGen      total 282112K, used 18217K [0x00000000d5e00000, 0x00000000ee100000, 0x0000000100000000)
  eden space 261120K, 0% used [0x00000000d5e00000,0x00000000d5e00000,0x00000000e5d00000)
  from space 20992K, 86% used [0x00000000e5d00000,0x00000000e6eca438,0x00000000e7180000)
  to   space 22528K, 0% used [0x00000000ecb00000,0x00000000ecb00000,0x00000000ee100000)
 ParOldGen       total 95232K, used 30650K [0x0000000081a00000, 0x0000000087700000, 0x00000000d5e00000)
  object space 95232K, 32% used [0x0000000081a00000,0x00000000837ee928,0x0000000087700000)
 Metaspace       used 43825K, capacity 44314K, committed 44800K, reserved 1089536K
  class space    used 5390K, capacity 5520K, committed 5632K, reserved 1048576K
}
Event: 116.803 GC heap before
{Heap before GC invocations=16 (full 2):
 PSYoungGen      total 282112K, used 62004K [0x00000000d5e00000, 0x00000000ee100000, 0x0000000100000000)
  eden space 261120K, 16% used [0x00000000d5e00000,0x00000000d88c2d50,0x00000000e5d00000)
  from space 20992K, 86% used [0x00000000e5d00000,0x00000000e6eca438,0x00000000e7180000)
  to   space 22528K, 0% used [0x00000000ecb00000,0x00000000ecb00000,0x00000000ee100000)
 ParOldGen       total 95232K, used 30650K [0x0000000081a00000, 0x0000000087700000, 0x00000000d5e00000)
  object space 95232K, 32% used [0x0000000081a00000,0x00000000837ee928,0x0000000087700000)
 Metaspace       used 44658K, capacity 45190K, committed 45568K, reserved 1089536K
  class space    used 5483K, capacity 5619K, committed 5632K, reserved 1048576K
Event: 116.813 GC heap after
Heap after GC invocations=16 (full 2):
 PSYoungGen      total 372736K, used 875K [0x00000000d5e00000, 0x00000000ee300000, 0x0000000100000000)
  eden space 350208K, 0% used [0x00000000d5e00000,0x00000000d5e00000,0x00000000eb400000)
  from space 22528K, 3% used [0x00000000ecb00000,0x00000000ecbdad08,0x00000000ee100000)
  to   space 23552K, 0% used [0x00000000eb400000,0x00000000eb400000,0x00000000ecb00000)
 ParOldGen       total 95232K, used 34342K [0x0000000081a00000, 0x0000000087700000, 0x00000000d5e00000)
  object space 95232K, 36% used [0x0000000081a00000,0x0000000083b899b8,0x0000000087700000)
 Metaspace       used 44658K, capacity 45190K, committed 45568K, reserved 1089536K
  class space    used 5483K, capacity 5619K, committed 5632K, reserved 1048576K
}
Event: 116.813 GC heap before
{Heap before GC invocations=17 (full 3):
 PSYoungGen      total 372736K, used 875K [0x00000000d5e00000, 0x00000000ee300000, 0x0000000100000000)
  eden space 350208K, 0% used [0x00000000d5e00000,0x00000000d5e00000,0x00000000eb400000)
  from space 22528K, 3% used [0x00000000ecb00000,0x00000000ecbdad08,0x00000000ee100000)
  to   space 23552K, 0% used [0x00000000eb400000,0x00000000eb400000,0x00000000ecb00000)
 ParOldGen       total 95232K, used 34342K [0x0000000081a00000, 0x0000000087700000, 0x00000000d5e00000)
  object space 95232K, 36% used [0x0000000081a00000,0x0000000083b899b8,0x0000000087700000)
 Metaspace       used 44658K, capacity 45190K, committed 45568K, reserved 1089536K
  class space    used 5483K, capacity 5619K, committed 5632K, reserved 1048576K
Event: 116.946 GC heap after
Heap after GC invocations=17 (full 3):
 PSYoungGen      total 372736K, used 0K [0x00000000d5e00000, 0x00000000ee300000, 0x0000000100000000)
  eden space 350208K, 0% used [0x00000000d5e00000,0x00000000d5e00000,0x00000000eb400000)
  from space 22528K, 0% used [0x00000000ecb00000,0x00000000ecb00000,0x00000000ee100000)
  to   space 23552K, 0% used [0x00000000eb400000,0x00000000eb400000,0x00000000ecb00000)
 ParOldGen       total 95232K, used 25389K [0x0000000081a00000, 0x0000000087700000, 0x00000000d5e00000)
  object space 95232K, 26% used [0x0000000081a00000,0x00000000832cb428,0x0000000087700000)
 Metaspace       used 44654K, capacity 45184K, committed 45568K, reserved 1089536K
  class space    used 5483K, capacity 5618K, committed 5632K, reserved 1048576K
}
Event: 118.895 GC heap before
{Heap before GC invocations=18 (full 3):
 PSYoungGen      total 372736K, used 350208K [0x00000000d5e00000, 0x00000000ee300000, 0x0000000100000000)
  eden space 350208K, 100% used [0x00000000d5e00000,0x00000000eb400000,0x00000000eb400000)
  from space 22528K, 0% used [0x00000000ecb00000,0x00000000ecb00000,0x00000000ee100000)
  to   space 23552K, 0% used [0x00000000eb400000,0x00000000eb400000,0x00000000ecb00000)
 ParOldGen       total 95232K, used 25389K [0x0000000081a00000, 0x0000000087700000, 0x00000000d5e00000)
  object space 95232K, 26% used [0x0000000081a00000,0x00000000832cb428,0x0000000087700000)
 Metaspace       used 44942K, capacity 45574K, committed 45952K, reserved 1089536K
  class space    used 5504K, capacity 5671K, committed 5760K, reserved 1048576K
Event: 118.913 GC heap after
Heap after GC invocations=18 (full 3):
 PSYoungGen      total 373760K, used 23392K [0x00000000d5e00000, 0x00000000f5500000, 0x0000000100000000)
  eden space 350208K, 0% used [0x00000000d5e00000,0x00000000d5e00000,0x00000000eb400000)
  from space 23552K, 99% used [0x00000000eb400000,0x00000000ecad8150,0x00000000ecb00000)
  to   space 27136K, 0% used [0x00000000f3a80000,0x00000000f3a80000,0x00000000f5500000)
 ParOldGen       total 95232K, used 25397K [0x0000000081a00000, 0x0000000087700000, 0x00000000d5e00000)
  object space 95232K, 26% used [0x0000000081a00000,0x00000000832cd428,0x0000000087700000)
 Metaspace       used 44942K, capacity 45574K, committed 45952K, reserved 1089536K
  class space    used 5504K, capacity 5671K, committed 5760K, reserved 1048576K
}

Deoptimization events (10 events):
Event: 116.782 Thread 0x000000001740a000 Uncommon trap: reason=unstable_if action=reinterpret pc=0x0000000003012508 method=java.net.URL.<init>(Ljava/net/URL;Ljava/lang/String;Ljava/net/URLStreamHandler;)V @ 57
Event: 116.782 Thread 0x000000001740a000 Uncommon trap: reason=unstable_if action=reinterpret pc=0x000000000364e7dc method=java.net.URLStreamHandler.parseURL(Ljava/net/URL;Ljava/lang/String;II)V @ 57
Event: 116.946 Thread 0x0000000002835000 Uncommon trap: reason=unstable_if action=reinterpret pc=0x0000000003490e34 method=java.lang.ref.Reference.tryHandlePending(Z)Z @ 20
Event: 116.999 Thread 0x0000000017407000 Uncommon trap: reason=unstable_if action=reinterpret pc=0x0000000002ec3b48 method=com.sun.org.apache.xerces.internal.util.SymbolTable.addSymbol([CII)Ljava/lang/String; @ 64
Event: 117.002 Thread 0x0000000017407000 Uncommon trap: reason=unstable_if action=reinterpret pc=0x0000000003642ae4 method=java.util.Calendar.complete()V @ 4
Event: 117.004 Thread 0x0000000017407000 Uncommon trap: reason=unstable_if action=reinterpret pc=0x00000000037c19c8 method=java.util.concurrent.atomic.AtomicBoolean.get()Z @ 4
Event: 117.008 Thread 0x0000000017407000 Uncommon trap: reason=unstable_if action=reinterpret pc=0x000000000361d6cc method=java.util.concurrent.locks.AbstractQueuedSynchronizer.release(I)Z @ 21
Event: 118.246 Thread 0x0000000017407000 Uncommon trap: reason=unstable_if action=reinterpret pc=0x0000000002ba09fc method=java.util.jar.JarFile.getInputStream(Ljava/util/zip/ZipEntry;)Ljava/io/InputStream; @ 21
Event: 118.457 Thread 0x0000000017407800 Uncommon trap: reason=null_check action=make_not_entrant pc=0x000000000399725c method=org.springframework.core.annotation.AnnotatedElementUtils.searchWithGetSemanticsInAnnotations(Ljava/lang/reflect/AnnotatedElement;Ljava/util/List;Ljava/lang/Class;Ljava/
Event: 120.008 Thread 0x0000000017407000 Uncommon trap: reason=unstable_if action=reinterpret pc=0x00000000034da8d4 method=org.springframework.util.CollectionUtils.isEmpty(Ljava/util/Collection;)Z @ 10

Internal exceptions (10 events):
Event: 118.992 Thread 0x0000000017407000 Exception <a 'java/lang/ClassNotFoundException': com/chen/test1/user/controller/UserControllerBeanInfo> (0x00000000d78d83f0) thrown at [C:\re\workspace\8-2-build-windows-amd64-cygwin\jdk8u121\8372\hotspot\src\share\vm\classfile\systemDictionary.cpp, line 
Event: 118.992 Thread 0x0000000017407000 Exception <a 'java/lang/ClassNotFoundException': com/chen/test1/user/controller/UserControllerCustomizer> (0x00000000d78f4a70) thrown at [C:\re\workspace\8-2-build-windows-amd64-cygwin\jdk8u121\8372\hotspot\src\share\vm\classfile\systemDictionary.cpp, lin
Event: 119.002 Thread 0x0000000017407000 Exception <a 'java/lang/ClassNotFoundException': com/chen/test1/user/service/impl/UserServiceImplBeanInfo> (0x00000000d7a6f850) thrown at [C:\re\workspace\8-2-build-windows-amd64-cygwin\jdk8u121\8372\hotspot\src\share\vm\classfile\systemDictionary.cpp, li
Event: 119.002 Thread 0x0000000017407000 Exception <a 'java/lang/ClassNotFoundException': com/chen/test1/user/service/impl/UserServiceImplCustomizer> (0x00000000d7a8c6c0) thrown at [C:\re\workspace\8-2-build-windows-amd64-cygwin\jdk8u121\8372\hotspot\src\share\vm\classfile\systemDictionary.cpp, 
Event: 119.003 Thread 0x0000000017407000 Exception <a 'java/lang/ClassNotFoundException': com/chen/test1/user/service/UserServiceCustomizer> (0x00000000d7ab2e98) thrown at [C:\re\workspace\8-2-build-windows-amd64-cygwin\jdk8u121\8372\hotspot\src\share\vm\classfile\systemDictionary.cpp, line 210]
Event: 119.306 Thread 0x0000000017407000 Exception <a 'java/lang/ClassNotFoundException': com/chen/test1/config/WebMvcConfig$1BeanInfo> (0x00000000da925978) thrown at [C:\re\workspace\8-2-build-windows-amd64-cygwin\jdk8u121\8372\hotspot\src\share\vm\classfile\systemDictionary.cpp, line 210]
Event: 119.307 Thread 0x0000000017407000 Exception <a 'java/lang/ClassNotFoundException': org/springframework/web/servlet/config/annotation/WebMvcConfigurerAdapterBeanInfo> (0x00000000da94b0f8) thrown at [C:\re\workspace\8-2-build-windows-amd64-cygwin\jdk8u121\8372\hotspot\src\share\vm\classfile
Event: 119.307 Thread 0x0000000017407000 Exception <a 'java/lang/ClassNotFoundException': org/springframework/web/servlet/config/annotation/WebMvcConfigurerAdapterCustomizer> (0x00000000da971f28) thrown at [C:\re\workspace\8-2-build-windows-amd64-cygwin\jdk8u121\8372\hotspot\src\share\vm\classfi
Event: 119.308 Thread 0x0000000017407000 Exception <a 'java/lang/ClassNotFoundException': com/chen/test1/config/WebMvcConfig$1Customizer> (0x00000000da9a1148) thrown at [C:\re\workspace\8-2-build-windows-amd64-cygwin\jdk8u121\8372\hotspot\src\share\vm\classfile\systemDictionary.cpp, line 210]
Event: 119.308 Thread 0x0000000017407000 Exception <a 'java/lang/ClassNotFoundException': org/springframework/web/servlet/config/annotation/WebMvcConfigurerCustomizer> (0x00000000da9ca290) thrown at [C:\re\workspace\8-2-build-windows-amd64-cygwin\jdk8u121\8372\hotspot\src\share\vm\classfile\syst

Events (10 events):
Event: 120.031 loading class kotlin$Unit
Event: 120.031 loading class kotlin$Unit done
Event: 120.138 loading class weblogic/management/Helper
Event: 120.138 loading class weblogic/management/Helper done
Event: 120.138 loading class weblogic/management$Helper
Event: 120.138 loading class weblogic/management$Helper done
Event: 120.138 loading class com/ibm/websphere/management/AdminServiceFactory
Event: 120.138 loading class com/ibm/websphere/management/AdminServiceFactory done
Event: 120.138 loading class com/ibm/websphere/management$AdminServiceFactory
Event: 120.138 loading class com/ibm/websphere/management$AdminServiceFactory done


Dynamic libraries:
0x00007ff616bd0000 - 0x00007ff616c07000 	E:\Program Files\Java\jdk1.8.0_121\bin\javaw.exe
0x00007ffa122c0000 - 0x00007ffa12469000 	C:\Windows\SYSTEM32\ntdll.dll
0x00007ffa0fe00000 - 0x00007ffa0ff39000 	C:\Windows\system32\KERNEL32.DLL
0x00007ffa0f940000 - 0x00007ffa0fa4e000 	C:\Windows\system32\KERNELBASE.dll
0x00007ffa10990000 - 0x00007ffa10a35000 	C:\Windows\system32\ADVAPI32.dll
0x00007ffa10810000 - 0x00007ffa10981000 	C:\Windows\system32\USER32.dll
0x00007ffa0cf00000 - 0x00007ffa0d15a000 	C:\Windows\WinSxS\amd64_microsoft.windows.common-controls_6595b64144ccf1df_6.0.9600.16384_none_62475f7becb72503\COMCTL32.dll
0x00007ffa10aa0000 - 0x00007ffa10b47000 	C:\Windows\system32\msvcrt.dll
0x00007ffa107b0000 - 0x00007ffa10807000 	C:\Windows\SYSTEM32\sechost.dll
0x00007ffa10630000 - 0x00007ffa10766000 	C:\Windows\system32\RPCRT4.dll
0x00007ffa10ca0000 - 0x00007ffa10de5000 	C:\Windows\system32\GDI32.dll
0x00007ffa10770000 - 0x00007ffa107a4000 	C:\Windows\system32\IMM32.DLL
0x00007ffa0fbf0000 - 0x00007ffa0fd29000 	C:\Windows\system32\MSCTF.dll
0x0000000050840000 - 0x0000000050912000 	E:\Program Files\Java\jdk1.8.0_121\jre\bin\msvcr100.dll
0x0000000077760000 - 0x0000000077ffb000 	E:\Program Files\Java\jdk1.8.0_121\jre\bin\server\jvm.dll
0x00007ffa01e40000 - 0x00007ffa01e49000 	C:\Windows\SYSTEM32\WSOCK32.dll
0x00007ffa003a0000 - 0x00007ffa003bf000 	C:\Windows\SYSTEM32\WINMM.dll
0x00007ffa01700000 - 0x00007ffa0170a000 	C:\Windows\SYSTEM32\VERSION.dll
0x00007ffa100c0000 - 0x00007ffa100c7000 	C:\Windows\system32\PSAPI.DLL
0x00007ffa0fb80000 - 0x00007ffa0fbd8000 	C:\Windows\system32\WS2_32.dll
0x00007ffa00370000 - 0x00007ffa0039a000 	C:\Windows\SYSTEM32\WINMMBASE.dll
0x00007ffa0fb70000 - 0x00007ffa0fb79000 	C:\Windows\system32\NSI.dll
0x00007ffa0f710000 - 0x00007ffa0f75a000 	C:\Windows\SYSTEM32\cfgmgr32.dll
0x00007ffa0e4c0000 - 0x00007ffa0e4e6000 	C:\Windows\SYSTEM32\DEVOBJ.dll
0x0000000050830000 - 0x000000005083f000 	E:\Program Files\Java\jdk1.8.0_121\jre\bin\verify.dll
0x0000000050800000 - 0x0000000050829000 	E:\Program Files\Java\jdk1.8.0_121\jre\bin\java.dll
0x00000000507e0000 - 0x00000000507f6000 	E:\Program Files\Java\jdk1.8.0_121\jre\bin\zip.dll
0x00007ffa10eb0000 - 0x00007ffa122bd000 	C:\Windows\system32\SHELL32.dll
0x00007ffa100d0000 - 0x00007ffa102a7000 	C:\Windows\SYSTEM32\combase.dll
0x00007ffa10a40000 - 0x00007ffa10a91000 	C:\Windows\system32\SHLWAPI.dll
0x00007ffa0dbb0000 - 0x00007ffa0dc51000 	C:\Windows\SYSTEM32\SHCORE.dll
0x00007ffa0f640000 - 0x00007ffa0f654000 	C:\Windows\SYSTEM32\profapi.dll
0x00000000507d0000 - 0x00000000507dd000 	E:\Program Files\Java\jdk1.8.0_121\jre\bin\management.dll
0x00000000507b0000 - 0x00000000507ca000 	E:\Program Files\Java\jdk1.8.0_121\jre\bin\net.dll
0x00007ffa0eea0000 - 0x00007ffa0eef8000 	C:\Windows\system32\mswsock.dll
0x0000000050790000 - 0x00000000507a1000 	E:\Program Files\Java\jdk1.8.0_121\jre\bin\nio.dll
0x00007ffa06790000 - 0x00007ffa067a4000 	C:\Windows\system32\napinsp.dll
0x00007ffa06770000 - 0x00007ffa06789000 	C:\Windows\system32\pnrpnsp.dll
0x00007ffa0d710000 - 0x00007ffa0d729000 	C:\Windows\system32\NLAapi.dll
0x00007ffa0ecb0000 - 0x00007ffa0ed53000 	C:\Windows\SYSTEM32\DNSAPI.dll
0x00007ffa06760000 - 0x00007ffa0676c000 	C:\Windows\System32\winrnr.dll
0x00007ffa06cb0000 - 0x00007ffa06cb9000 	C:\Windows\System32\rasadhlp.dll
0x00007ffa09db0000 - 0x00007ffa09dd9000 	C:\Windows\SYSTEM32\IPHLPAPI.DLL
0x00007ffa09da0000 - 0x00007ffa09daa000 	C:\Windows\SYSTEM32\WINNSI.DLL
0x00007ffa095a0000 - 0x00007ffa09607000 	C:\Windows\System32\fwpuclnt.dll
0x00007ffa0ef00000 - 0x00007ffa0ef1e000 	C:\Windows\SYSTEM32\CRYPTSP.dll
0x00007ffa0eb40000 - 0x00007ffa0eb75000 	C:\Windows\system32\rsaenh.dll
0x00007ffa0f130000 - 0x00007ffa0f156000 	C:\Windows\SYSTEM32\bcrypt.dll
0x00007ffa0ec50000 - 0x00007ffa0ec6f000 	C:\Windows\SYSTEM32\USERENV.dll
0x00007ffa0f450000 - 0x00007ffa0f4ae000 	C:\Windows\system32\bcryptprimitives.dll
0x00007ffa0f4b0000 - 0x00007ffa0f4ba000 	C:\Windows\SYSTEM32\CRYPTBASE.dll
0x00007ffa098a0000 - 0x00007ffa098b4000 	C:\Windows\SYSTEM32\dhcpcsvc6.DLL
0x00007ffa09880000 - 0x00007ffa09899000 	C:\Windows\SYSTEM32\dhcpcsvc.DLL

VM Arguments:
jvm_args: -Dcom.sun.management.jmxremote -Dcom.sun.management.jmxremote.port=40536 -Dcom.sun.management.jmxremote.authenticate=false -Dcom.sun.management.jmxremote.ssl=false -Dspring.liveBeansView.mbeanDomain -Dspring.application.admin.enabled=true -Dfile.encoding=UTF-8 
java_command: com.chen.test1.MyGitTestApplication --spring.output.ansi.enabled=always
java_class_path (initial): F:\GitHub\MyGitTest\target\classes;C:\Users\Administrator\.m2\repository\org\mybatis\spring\boot\mybatis-spring-boot-starter\1.3.1\mybatis-spring-boot-starter-1.3.1.jar;C:\Users\Administrator\.m2\repository\org\springframework\boot\spring-boot-starter\1.5.6.RELEASE\spring-boot-starter-1.5.6.RELEASE.jar;C:\Users\Administrator\.m2\repository\org\springframework\boot\spring-boot-starter-logging\1.5.6.RELEASE\spring-boot-starter-logging-1.5.6.RELEASE.jar;C:\Users\Administrator\.m2\repository\ch\qos\logback\logback-classic\1.1.11\logback-classic-1.1.11.jar;C:\Users\Administrator\.m2\repository\ch\qos\logback\logback-core\1.1.11\logback-core-1.1.11.jar;C:\Users\Administrator\.m2\repository\org\slf4j\jcl-over-slf4j\1.7.25\jcl-over-slf4j-1.7.25.jar;C:\Users\Administrator\.m2\repository\org\slf4j\jul-to-slf4j\1.7.25\jul-to-slf4j-1.7.25.jar;C:\Users\Administrator\.m2\repository\org\slf4j\log4j-over-slf4j\1.7.25\log4j-over-slf4j-1.7.25.jar;C:\Users\Administrator\.m2\repository\org\yaml\snakeyaml\1.17\snakeyaml-1.17.jar;C:\Users\Administrator\.m2\repository\org\springframework\boot\spring-boot-starter-jdbc\1.5.6.RELEASE\spring-boot-starter-jdbc-1.5.6.RELEASE.jar;C:\Users\Administrator\.m2\repository\org\apache\tomcat\tomcat-jdbc\8.5.16\tomcat-jdbc-8.5.16.jar;C:\Users\Administrator\.m2\repository\org\apache\tomcat\tomcat-juli\8.5.16\tomcat-juli-8.5.16.jar;C:\Users\Administrator\.m2\repository\org\springframework\spring-jdbc\4.3.10.RELEASE\spring-jdbc-4.3.10.RELEASE.jar;C:\Users\Administrator\.m2\repository\org\springframework\spring-tx\4.3.10.RELEASE\spring-tx-4.3.10.RELEASE.jar;C:\Users\Administrator\.m2\repository\org\mybatis\spring\boot\mybatis-spring-boot-autoconfigure\1.3.1\mybatis-spring-boot-autoconfigure-1.3.1.jar;C:\Users\Administrator\.m2\repository\org\mybatis\mybatis\3.4.5\mybatis-3.4.5.jar;C:\Users\Administrator\.m2\repository\org\mybatis\mybatis-spring\1.3.1\mybatis-spring-1.3.1.jar;C:\Users\Administrator\.m2\repository\com\github\pageh
Launcher Type: SUN_STANDARD

Environment Variables:
JAVA_HOME=E:\Program Files\Java\jdk1.8.0_121
PATH=E:/Program Files/Java/jre1.8.0_121/bin/server;E:/Program Files/Java/jre1.8.0_121/bin;E:/Program Files/Java/jre1.8.0_121/lib/amd64;C:\ProgramData\Oracle\Java\javapath;C:\Windows\system32;C:\Windows;C:\Windows\System32\Wbem;C:\Windows\System32\WindowsPowerShell\v1.0\;E:\Program Files\Java\jdk1.8.0_121\bin;E:\Program Files\Java\jdk1.8.0_121\jre\bin;E:\Program Files\MySQL\MySQL Server 5.5\bin;E:\apache-maven-3.5.0\bin;C:\Windows\SysWOW64\5097;C:\Windows\SysWOW64;C:\Program Files (x86)\Windows Kits\8.1\Windows Performance Toolkit\;C:\Program Files\Microsoft SQL Server\110\Tools\Binn\;C:\Program Files (x86)\Microsoft SDKs\TypeScript\1.0\;C:\Program Files\Microsoft SQL Server\120\Tools\Binn\;E:\Program Files\TortoiseSVN\bin;E:\Program Files\TortoiseGit\bin;E:\Program Files\Git\cmd;E:\sts-bundle\sts-3.8.3.RELEASE;
USERNAME=Administrator
OS=Windows_NT
PROCESSOR_IDENTIFIER=Intel64 Family 6 Model 94 Stepping 3, GenuineIntel



---------------  S Y S T E M  ---------------

OS: Windows 8.1 , 64 bit Build 9600 (6.3.9600.16656)

CPU:total 4 (4 cores per cpu, 1 threads per core) family 6 model 94 stepping 3, cmov, cx8, fxsr, mmx, sse, sse2, sse3, ssse3, sse4.1, sse4.2, popcnt, avx, avx2, aes, clmul, erms, 3dnowpref, lzcnt, tsc, tscinvbit, bmi1, bmi2, adx

Memory: 4k page, physical 8275416k(1859124k free), swap 8275416k(5136k free)

vm_info: Java HotSpot(TM) 64-Bit Server VM (25.121-b13) for windows-amd64 JRE (1.8.0_121-b13), built on Dec 12 2016 18:21:36 by "java_re" with MS VC++ 10.0 (VS2010)

time: Wed Sep 13 15:49:41 2017
elapsed time: 120 seconds (0d 0h 2m 0s)

